[19:16:10] [ServerMain/INFO]: [bootstrap] Running Java 21 (Java HotSpot(TM) 64-Bit Server VM 21.0.5+9-LTS-239; Oracle Corporation null) on Windows 11 10.0 (amd64)
[19:16:10] [ServerMain/INFO]: [bootstrap] Loading Paper 1.21.1-40-master@2fdb2e9 (2024-08-21T01:35:33Z) for Minecraft 1.21.1
[19:16:13] [ServerMain/INFO]: [PluginInitializerManager] Initializing plugins...
[19:16:13] [ServerMain/INFO]: [PluginInitializerManager] Initialized 0 plugins
[19:16:26] [ServerMain/INFO]: Environment: Environment[sessionHost=https://sessionserver.mojang.com, servicesHost=https://api.minecraftservices.com, name=PROD]
[19:16:27] [ServerMain/INFO]: Found new data pack file/bukkit, loading it automatically
[19:16:27] [ServerMain/INFO]: Found new data pack paper, loading it automatically
[19:16:29] [ServerMain/INFO]: No existing world data, creating new world
[19:16:32] [ServerMain/INFO]: Loaded 1290 recipes
[19:16:33] [ServerMain/INFO]: Loaded 1399 advancements
[19:16:35] [Server thread/INFO]: Starting minecraft server version 1.21.1
[19:16:35] [Server thread/INFO]: Loading properties
[19:16:36] [AWT-EventQueue-0/WARN]: Exception in thread "AWT-EventQueue-0" java.lang.NullPointerException: Cannot invoke "org.bukkit.Server.getTPS()" because "org.bukkit.Bukkit.server" is null
[19:16:36] [AWT-EventQueue-0/WARN]: 	at org.bukkit.Bukkit.getTPS(Bukkit.java:2385)
[19:16:36] [AWT-EventQueue-0/WARN]: 	at com.destroystokyo.paper.gui.RAMDetails.update(RAMDetails.java:62)
[19:16:36] [AWT-EventQueue-0/WARN]: 	at com.destroystokyo.paper.gui.GuiStatsComponent.lambda$new$0(GuiStatsComponent.java:27)
[19:16:36] [AWT-EventQueue-0/WARN]: 	at java.desktop/javax.swing.Timer.fireActionPerformed(Timer.java:311)
[19:16:36] [AWT-EventQueue-0/WARN]: 	at java.desktop/javax.swing.Timer$DoPostEvent.run(Timer.java:243)
[19:16:36] [AWT-EventQueue-0/WARN]: 	at java.desktop/java.awt.event.InvocationEvent.dispatch(InvocationEvent.java:318)
[19:16:36] [AWT-EventQueue-0/WARN]: 	at java.desktop/java.awt.EventQueue.dispatchEventImpl(EventQueue.java:773)
[19:16:36] [AWT-EventQueue-0/WARN]: 	at java.desktop/java.awt.EventQueue$4.run(EventQueue.java:720)
[19:16:36] [AWT-EventQueue-0/WARN]: 	at java.desktop/java.awt.EventQueue$4.run(EventQueue.java:714)
[19:16:36] [AWT-EventQueue-0/WARN]: 	at java.base/java.security.AccessController.doPrivileged(AccessController.java:400)
[19:16:36] [AWT-EventQueue-0/WARN]: 	at java.base/java.security.ProtectionDomain$JavaSecurityAccessImpl.doIntersectionPrivilege(ProtectionDomain.java:87)
[19:16:36] [AWT-EventQueue-0/WARN]: 	at java.desktop/java.awt.EventQueue.dispatchEvent(EventQueue.java:742)
[19:16:36] [AWT-EventQueue-0/WARN]: 	at java.desktop/java.awt.EventDispatchThread.pumpOneEventForFilters(EventDispatchThread.java:203)
[19:16:36] [AWT-EventQueue-0/WARN]: 	at java.desktop/java.awt.EventDispatchThread.pumpEventsForFilter(EventDispatchThread.java:124)
[19:16:36] [AWT-EventQueue-0/WARN]: 	at java.desktop/java.awt.EventDispatchThread.pumpEventsForHierarchy(EventDispatchThread.java:113)
[19:16:36] [AWT-EventQueue-0/WARN]: 	at java.desktop/java.awt.EventDispatchThread.pumpEvents(EventDispatchThread.java:109)
[19:16:36] [AWT-EventQueue-0/WARN]: 	at java.desktop/java.awt.EventDispatchThread.pumpEvents(EventDispatchThread.java:101)
[19:16:36] [AWT-EventQueue-0/WARN]: 	at java.desktop/java.awt.EventDispatchThread.run(EventDispatchThread.java:90)
[19:16:36] [Server thread/INFO]: This server is running Paper version 1.21.1-40-master@2fdb2e9 (2024-08-21T01:35:33Z) (Implementing API version 1.21.1-R0.1-SNAPSHOT)
[19:16:38] [Server thread/INFO]: [spark] This server bundles the spark profiler. For more information please visit https://docs.papermc.io/paper/profiling
[19:16:39] [Server thread/INFO]: Server Ping Player Sample Count: 12
[19:16:39] [Server thread/INFO]: Using 4 threads for Netty based IO
[19:16:41] [Server thread/INFO]: [ChunkTaskScheduler] Chunk system is using 1 I/O threads, 2 worker threads, and population gen parallelism of 2 threads
[19:16:42] [Server thread/INFO]: Default game type: SURVIVAL
[19:16:42] [Server thread/INFO]: Generating keypair
[19:16:42] [Server thread/INFO]: Starting Minecraft server on *:25565
[19:16:42] [Server thread/INFO]: Using default channel type
[19:16:42] [Server thread/INFO]: Paper: Using Java compression from Velocity.
[19:16:42] [Server thread/INFO]: Paper: Using Java cipher from Velocity.
[19:16:43] [Server thread/INFO]: Preparing level "world"
[19:17:03] [Server thread/INFO]: Preparing start region for dimension minecraft:overworld
[19:17:10] [Server thread/INFO]: Time elapsed: 7653 ms
[19:17:10] [Server thread/INFO]: Preparing start region for dimension minecraft:the_nether
[19:17:13] [Server thread/INFO]: Time elapsed: 2731 ms
[19:17:13] [Server thread/INFO]: Preparing start region for dimension minecraft:the_end
[19:17:14] [Server thread/INFO]: Time elapsed: 834 ms
[19:17:14] [Server thread/INFO]: [spark] Starting background profiler...
[19:17:14] [Server thread/INFO]: [spark] The async-profiler engine is not supported for your os/arch (windows11/amd64), so the built-in Java engine will be used instead.
[19:17:14] [Server thread/INFO]: Done preparing level "world" (31.596s)
[19:17:14] [Server thread/INFO]: Running delayed init tasks
[19:17:14] [Server thread/INFO]: Done (67.481s)! For help, type "help"
[19:17:14] [Server thread/INFO]: *************************************************************************************
[19:17:14] [Server thread/INFO]: This is the first time you're starting this server.
[19:17:14] [Server thread/INFO]: It's recommended you read our 'Getting Started' documentation for guidance.
[19:17:14] [Server thread/INFO]: View this and more helpful information here: https://docs.papermc.io/paper/next-steps
[19:17:14] [Server thread/INFO]: *************************************************************************************
[19:17:14] [Server thread/INFO]: Timings Reset
[19:21:49] [Server thread/INFO]: Stopping the server
[19:21:49] [Server thread/INFO]: Stopping server
[19:21:49] [Server thread/INFO]: Saving players
[19:21:49] [Server thread/INFO]: Saving worlds
[19:21:49] [Server thread/INFO]: Saving chunks for level 'ServerLevel[world]'/minecraft:overworld
[19:21:49] [Server thread/INFO]: [ChunkHolderManager] Waiting 60s for chunk system to halt for world 'world'
[19:21:49] [Server thread/INFO]: [ChunkHolderManager] Halted chunk system for world 'world'
[19:21:49] [Server thread/INFO]: [ChunkHolderManager] Saving all chunkholders for world 'world'
[19:21:51] [Server thread/INFO]: [ChunkHolderManager] Saved 841 block chunks, 49 entity chunks, 0 poi chunks in world 'world' in 2.03s
[19:21:51] [Server thread/INFO]: Saving chunks for level 'ServerLevel[world_nether]'/minecraft:the_nether
[19:21:51] [Server thread/INFO]: [ChunkHolderManager] Waiting 60s for chunk system to halt for world 'world_nether'
[19:21:51] [Server thread/INFO]: [ChunkHolderManager] Halted chunk system for world 'world_nether'
[19:21:51] [Server thread/INFO]: [ChunkHolderManager] Saving all chunkholders for world 'world_nether'
[19:21:52] [Server thread/INFO]: [ChunkHolderManager] Saved 841 block chunks, 49 entity chunks, 0 poi chunks in world 'world_nether' in 0.95s
[19:21:52] [Server thread/INFO]: Saving chunks for level 'ServerLevel[world_the_end]'/minecraft:the_end
[19:21:52] [Server thread/INFO]: [ChunkHolderManager] Waiting 60s for chunk system to halt for world 'world_the_end'
[19:21:52] [Server thread/INFO]: [ChunkHolderManager] Halted chunk system for world 'world_the_end'
[19:21:52] [Server thread/INFO]: [ChunkHolderManager] Saving all chunkholders for world 'world_the_end'
[19:21:53] [Server thread/INFO]: [ChunkHolderManager] Saved 841 block chunks, 49 entity chunks, 0 poi chunks in world 'world_the_end' in 0.98s
[19:21:53] [Server thread/INFO]: ThreadedAnvilChunkStorage (world): All chunks are saved
[19:21:53] [Server thread/INFO]: ThreadedAnvilChunkStorage (DIM-1): All chunks are saved
[19:21:53] [Server thread/INFO]: ThreadedAnvilChunkStorage (DIM1): All chunks are saved
[19:21:53] [Server thread/INFO]: ThreadedAnvilChunkStorage: All dimensions are saved
